#
# There is insufficient memory for the Java Runtime Environment to continue.
# Native memory allocation (malloc) failed to allocate 1066256 bytes for Chunk::new
# Possible reasons:
#   The system is out of physical RAM or swap space
#   The process is running with CompressedOops enabled, and the Java Heap may be blocking the growth of the native heap
# Possible solutions:
#   Reduce memory load on the system
#   Increase physical memory or swap space
#   Check if swap backing store is full
#   Decrease Java heap size (-Xmx/-Xms)
#   Decrease number of Java threads
#   Decrease Java thread stack sizes (-Xss)
#   Set larger code cache with -XX:ReservedCodeCacheSize=
#   JVM is running with Unscaled Compressed Oops mode in which the Java heap is
#     placed in the first 4GB address space. The Java Heap base address is the
#     maximum limit for the native heap growth. Please use -XX:HeapBaseMinAddress
#     to set the Java Heap base and to place the Java Heap above 4GB virtual address.
# This output file may be truncated or incomplete.
#
#  Out of Memory Error (arena.cpp:189), pid=1592, tid=14372
#
# JRE version: OpenJDK Runtime Environment Temurin-17.0.8.1+1 (17.0.8.1+1) (build 17.0.8.1+1)
# Java VM: OpenJDK 64-Bit Server VM Temurin-17.0.8.1+1 (17.0.8.1+1, mixed mode, tiered, compressed oops, compressed class ptrs, parallel gc, windows-amd64)
# No core dump will be written. Minidumps are not enabled by default on client versions of Windows
#

---------------  S U M M A R Y ------------

Command Line: --add-modules=ALL-SYSTEM --add-opens=java.base/java.util=ALL-UNNAMED --add-opens=java.base/java.lang=ALL-UNNAMED --add-opens=java.base/sun.nio.fs=ALL-UNNAMED -Declipse.application=org.eclipse.jdt.ls.core.id1 -Dosgi.bundles.defaultStartLevel=4 -Declipse.product=org.eclipse.jdt.ls.core.product -Djava.import.generatesMetadataFilesAtProjectRoot=false -DDetectVMInstallationsJob.disabled=true -Dfile.encoding=utf8 -XX:+UseParallelGC -XX:GCTimeRatio=4 -XX:AdaptiveSizePolicyWeight=90 -Dsun.zip.disableMemoryMapping=true -Xmx1G -Xms100m -Xlog:disable -javaagent:c:\Users\forer\.vscode\extensions\redhat.java-1.23.0-win32-x64\lombok\lombok-1.18.30.jar -XX:+HeapDumpOnOutOfMemoryError -XX:HeapDumpPath=c:\Users\forer\AppData\Roaming\Code\User\workspaceStorage\f468b94bcb1813d346aa173e88383ae5\redhat.java -Daether.dependencyCollector.impl=bf c:\Users\forer\.vscode\extensions\redhat.java-1.23.0-win32-x64\server\plugins\org.eclipse.equinox.launcher_1.6.500.v20230717-2134.jar -configuration c:\Users\forer\AppData\Roaming\Code\User\globalStorage\redhat.java\1.23.0\config_win -data c:\Users\forer\AppData\Roaming\Code\User\workspaceStorage\f468b94bcb1813d346aa173e88383ae5\redhat.java\jdt_ws

Host: AMD Ryzen 3 3250U with Radeon Graphics         , 4 cores, 5G,  Windows 11 , 64 bit Build 22621 (10.0.22621.2428)
Time: Sat Oct 21 17:55:25 2023 Hora est. Pacífico, Sudamérica elapsed time: 65.029854 seconds (0d 0h 1m 5s)

---------------  T H R E A D  ---------------

Current thread (0x0000022cf4dbdc60):  JavaThread "C2 CompilerThread0" daemon [_thread_in_native, id=14372, stack(0x000000ac57a00000,0x000000ac57b00000)]


Current CompileTask:
C2:  65029 6786       4       org.eclipse.jdt.internal.compiler.util.JrtFileSystem$2::visitFile (10 bytes)

Stack: [0x000000ac57a00000,0x000000ac57b00000]
Native frames: (J=compiled Java code, j=interpreted, Vv=VM code, C=native code)
V  [jvm.dll+0x678b0a]
V  [jvm.dll+0x835e84]
V  [jvm.dll+0x83762e]
V  [jvm.dll+0x837c93]
V  [jvm.dll+0x24746f]
V  [jvm.dll+0xac20c]
V  [jvm.dll+0xac7dc]
V  [jvm.dll+0x365c52]
V  [jvm.dll+0x3301a1]
V  [jvm.dll+0x32f64a]
V  [jvm.dll+0x219bf1]
V  [jvm.dll+0x219011]
V  [jvm.dll+0x1a534d]
V  [jvm.dll+0x228d8a]
V  [jvm.dll+0x226dcc]
V  [jvm.dll+0x7ec09b]
V  [jvm.dll+0x7e64ca]
V  [jvm.dll+0x677955]
C  [ucrtbase.dll+0x29363]
C  [KERNEL32.DLL+0x1257d]
C  [ntdll.dll+0x5aa78]


---------------  P R O C E S S  ---------------

Threads class SMR info:
_java_thread_list=0x0000022cfacc8b50, length=30, elements={
0x0000022ceff69190, 0x0000022cf4d86020, 0x0000022cf4d88520, 0x0000022cf4db8f30,
0x0000022cf4db9900, 0x0000022cf4dba3d0, 0x0000022cf4dbaea0, 0x0000022cf4dbdc60,
0x0000022cf4dde970, 0x0000022cf9f474d0, 0x0000022cf9fd8240, 0x0000022cfa229670,
0x0000022cfa72d920, 0x0000022cfa7c4ff0, 0x0000022cfa7c54d0, 0x0000022cfa91d490,
0x0000022cfaafb050, 0x0000022cfaafa120, 0x0000022cfaafd3c0, 0x0000022cfaafb560,
0x0000022cfaafc9a0, 0x0000022cfaafbf80, 0x0000022cfaafba70, 0x0000022cfaafab40,
0x0000022cfb774600, 0x0000022cfb7791f0, 0x0000022cfb779700, 0x0000022cfb7740f0,
0x0000022cfb775a40, 0x0000022cfb7731c0
}

Java Threads: ( => current thread )
  0x0000022ceff69190 JavaThread "main" [_thread_blocked, id=11004, stack(0x000000ac57100000,0x000000ac57200000)]
  0x0000022cf4d86020 JavaThread "Reference Handler" daemon [_thread_blocked, id=14100, stack(0x000000ac57400000,0x000000ac57500000)]
  0x0000022cf4d88520 JavaThread "Finalizer" daemon [_thread_blocked, id=17132, stack(0x000000ac57500000,0x000000ac57600000)]
  0x0000022cf4db8f30 JavaThread "Signal Dispatcher" daemon [_thread_blocked, id=8820, stack(0x000000ac57600000,0x000000ac57700000)]
  0x0000022cf4db9900 JavaThread "Attach Listener" daemon [_thread_blocked, id=2288, stack(0x000000ac57700000,0x000000ac57800000)]
  0x0000022cf4dba3d0 JavaThread "Service Thread" daemon [_thread_blocked, id=13692, stack(0x000000ac57800000,0x000000ac57900000)]
  0x0000022cf4dbaea0 JavaThread "Monitor Deflation Thread" daemon [_thread_blocked, id=16424, stack(0x000000ac57900000,0x000000ac57a00000)]
=>0x0000022cf4dbdc60 JavaThread "C2 CompilerThread0" daemon [_thread_in_native, id=14372, stack(0x000000ac57a00000,0x000000ac57b00000)]
  0x0000022cf4dde970 JavaThread "C1 CompilerThread0" daemon [_thread_blocked, id=5004, stack(0x000000ac57b00000,0x000000ac57c00000)]
  0x0000022cf9f474d0 JavaThread "Sweeper thread" daemon [_thread_blocked, id=13564, stack(0x000000ac57c00000,0x000000ac57d00000)]
  0x0000022cf9fd8240 JavaThread "Common-Cleaner" daemon [_thread_blocked, id=7796, stack(0x000000ac57d00000,0x000000ac57e00000)]
  0x0000022cfa229670 JavaThread "Notification Thread" daemon [_thread_blocked, id=6536, stack(0x000000ac57e00000,0x000000ac57f00000)]
  0x0000022cfa72d920 JavaThread "Active Thread: Equinox Container: 9d67e4f8-ed7a-4337-80ce-71368d19582c" [_thread_blocked, id=13716, stack(0x000000ac58300000,0x000000ac58400000)]
  0x0000022cfa7c4ff0 JavaThread "Framework Event Dispatcher: Equinox Container: 9d67e4f8-ed7a-4337-80ce-71368d19582c" daemon [_thread_blocked, id=17932, stack(0x000000ac58400000,0x000000ac58500000)]
  0x0000022cfa7c54d0 JavaThread "Start Level: Equinox Container: 9d67e4f8-ed7a-4337-80ce-71368d19582c" daemon [_thread_blocked, id=17936, stack(0x000000ac58500000,0x000000ac58600000)]
  0x0000022cfa91d490 JavaThread "Bundle File Closer" daemon [_thread_blocked, id=18320, stack(0x000000ac58600000,0x000000ac58700000)]
  0x0000022cfaafb050 JavaThread "SCR Component Actor" daemon [_thread_blocked, id=17972, stack(0x000000ac58700000,0x000000ac58800000)]
  0x0000022cfaafa120 JavaThread "Worker-JM" [_thread_blocked, id=17764, stack(0x000000ac58900000,0x000000ac58a00000)]
  0x0000022cfaafd3c0 JavaThread "Worker-0: Refreshing workspace" [_thread_blocked, id=10904, stack(0x000000ac58a00000,0x000000ac58b00000)]
  0x0000022cfaafb560 JavaThread "Worker-1" [_thread_blocked, id=13404, stack(0x000000ac58b00000,0x000000ac58c00000)]
  0x0000022cfaafc9a0 JavaThread "Java indexing" daemon [_thread_blocked, id=14656, stack(0x000000ac58c00000,0x000000ac58d00000)]
  0x0000022cfaafbf80 JavaThread "Worker-2" [_thread_blocked, id=15040, stack(0x000000ac58d00000,0x000000ac58e00000)]
  0x0000022cfaafba70 JavaThread "JNA Cleaner" daemon [_thread_blocked, id=2888, stack(0x000000ac58e00000,0x000000ac58f00000)]
  0x0000022cfaafab40 JavaThread "pool-2-thread-1" [_thread_blocked, id=18200, stack(0x000000ac58f00000,0x000000ac59000000)]
  0x0000022cfb774600 JavaThread "WorkspaceEventsHandler" [_thread_blocked, id=18224, stack(0x000000ac59000000,0x000000ac59100000)]
  0x0000022cfb7791f0 JavaThread "pool-1-thread-1" [_thread_in_native, id=2644, stack(0x000000ac59100000,0x000000ac59200000)]
  0x0000022cfb779700 JavaThread "Worker-3: Initialize workspace" [_thread_blocked, id=16876, stack(0x000000ac59200000,0x000000ac59300000)]
  0x0000022cfb7740f0 JavaThread "ForkJoinPool.commonPool-worker-1" daemon [_thread_in_native, id=15816, stack(0x000000ac58800000,0x000000ac58900000)]
  0x0000022cfb775a40 JavaThread "ForkJoinPool.commonPool-worker-2" daemon [_thread_blocked, id=9432, stack(0x000000ac59300000,0x000000ac59400000)]
  0x0000022cfb7731c0 JavaThread "ForkJoinPool.commonPool-worker-3" daemon [_thread_blocked, id=14412, stack(0x000000ac59400000,0x000000ac59500000)]

Other Threads:
  0x0000022cf001ec60 VMThread "VM Thread" [stack: 0x000000ac57300000,0x000000ac57400000] [id=13476]
  0x0000022cfa229b50 WatcherThread [stack: 0x000000ac57f00000,0x000000ac58000000] [id=14748]
  0x0000022ceff7dda0 GCTaskThread "GC Thread#0" [stack: 0x000000ac57200000,0x000000ac57300000] [id=16216]
  0x0000022cfa3d7300 GCTaskThread "GC Thread#1" [stack: 0x000000ac58000000,0x000000ac58100000] [id=2852]
  0x0000022cfa3d79d0 GCTaskThread "GC Thread#2" [stack: 0x000000ac58100000,0x000000ac58200000] [id=9212]
  0x0000022cfa3d7c90 GCTaskThread "GC Thread#3" [stack: 0x000000ac58200000,0x000000ac58300000] [id=16224]

Threads with active compile tasks:
C2 CompilerThread0    65088 6786       4       org.eclipse.jdt.internal.compiler.util.JrtFileSystem$2::visitFile (10 bytes)

VM state: not at safepoint (normal execution)

VM Mutex/Monitor currently owned by a thread: None

Heap address: 0x00000000c0000000, size: 1024 MB, Compressed Oops mode: 32-bit

CDS archive(s) not mapped
Compressed class space mapped at: 0x0000000100000000-0x0000000140000000, reserved size: 1073741824
Narrow klass base: 0x0000000000000000, Narrow klass shift: 3, Narrow klass range: 0x140000000

GC Precious Log:
 CPUs: 4 total, 4 available
 Memory: 6063M
 Large Page Support: Disabled
 NUMA Support: Disabled
 Compressed Oops: Enabled (32-bit)
 Alignments: Space 512K, Generation 512K, Heap 2M
 Heap Min Capacity: 100M
 Heap Initial Capacity: 100M
 Heap Max Capacity: 1G
 Pre-touch: Disabled
 Parallel Workers: 4

Heap:
 PSYoungGen      total 22528K, used 14834K [0x00000000eab00000, 0x00000000ec780000, 0x0000000100000000)
  eden space 21504K, 64% used [0x00000000eab00000,0x00000000eb882a80,0x00000000ec000000)
  from space 1024K, 97% used [0x00000000ec380000,0x00000000ec479fd8,0x00000000ec480000)
  to   space 3584K, 0% used [0x00000000ec000000,0x00000000ec000000,0x00000000ec380000)
 ParOldGen       total 68608K, used 34298K [0x00000000c0000000, 0x00000000c4300000, 0x00000000eab00000)
  object space 68608K, 49% used [0x00000000c0000000,0x00000000c217e9f0,0x00000000c4300000)
 Metaspace       used 54686K, committed 55808K, reserved 1114112K
  class space    used 5909K, committed 6400K, reserved 1048576K

Card table byte_map: [0x0000022cef930000,0x0000022cefb40000] _byte_map_base: 0x0000022cef330000

Marking Bits: (ParMarkBitMap*) 0x00007ff8015083a0
 Begin Bits: [0x0000022cf2be0000, 0x0000022cf3be0000)
 End Bits:   [0x0000022cf3be0000, 0x0000022cf4be0000)

Polling page: 0x0000022cef720000

Metaspace:

Usage:
  Non-class:     47.63 MB used.
      Class:      5.77 MB used.
       Both:     53.40 MB used.

Virtual space:
  Non-class space:       64.00 MB reserved,      48.25 MB ( 75%) committed,  1 nodes.
      Class space:        1.00 GB reserved,       6.25 MB ( <1%) committed,  1 nodes.
             Both:        1.06 GB reserved,      54.50 MB (  5%) committed. 

Chunk freelists:
   Non-Class:  14.94 MB
       Class:  9.76 MB
        Both:  24.70 MB

MaxMetaspaceSize: unlimited
CompressedClassSpaceSize: 1.00 GB
Initial GC threshold: 21.00 MB
Current GC threshold: 58.38 MB
CDS: off
MetaspaceReclaimPolicy: balanced
 - commit_granule_bytes: 65536.
 - commit_granule_words: 8192.
 - virtual_space_node_default_size: 8388608.
 - enlarge_chunks_in_place: 1.
 - new_chunks_are_fully_committed: 0.
 - uncommit_free_chunks: 1.
 - use_allocation_guard: 0.
 - handle_deallocations: 1.


Internal statistics:

num_allocs_failed_limit: 6.
num_arena_births: 736.
num_arena_deaths: 28.
num_vsnodes_births: 2.
num_vsnodes_deaths: 0.
num_space_committed: 872.
num_space_uncommitted: 0.
num_chunks_returned_to_freelist: 34.
num_chunks_taken_from_freelist: 2920.
num_chunk_merges: 11.
num_chunk_splits: 1769.
num_chunks_enlarged: 977.
num_inconsistent_stats: 0.

CodeHeap 'non-profiled nmethods': size=120000Kb used=2714Kb max_used=2714Kb free=117285Kb
 bounds [0x0000022c87ad0000, 0x0000022c87d80000, 0x0000022c8f000000]
CodeHeap 'profiled nmethods': size=120000Kb used=11673Kb max_used=11673Kb free=108326Kb
 bounds [0x0000022c80000000, 0x0000022c80b70000, 0x0000022c87530000]
CodeHeap 'non-nmethods': size=5760Kb used=1290Kb max_used=1346Kb free=4469Kb
 bounds [0x0000022c87530000, 0x0000022c877a0000, 0x0000022c87ad0000]
 total_blobs=6573 nmethods=5954 adapters=533
 compilation: enabled
              stopped_count=0, restarted_count=0
 full_count=0

Compilation events (20 events):
Event: 64.875 Thread 0x0000022cf4dbdc60 nmethod 6783 0x0000022c87d72d90 code [0x0000022c87d72f20, 0x0000022c87d72ff8]
Event: 64.875 Thread 0x0000022cf4dbdc60 6782       4       jdk.internal.jrtfs.JrtPath::resolve (125 bytes)
Event: 64.924 Thread 0x0000022cf4dbdc60 nmethod 6782 0x0000022c87d73110 code [0x0000022c87d73360, 0x0000022c87d74b08]
Event: 64.924 Thread 0x0000022cf4dbdc60 6786       4       org.eclipse.jdt.internal.compiler.util.JrtFileSystem$2::visitFile (10 bytes)
Event: 64.967 Thread 0x0000022cf4dde970 6800       1       org.eclipse.jdt.internal.core.builder.ClasspathJrt::getKey (5 bytes)
Event: 64.967 Thread 0x0000022cf4dde970 nmethod 6800 0x0000022c87d75a10 code [0x0000022c87d75ba0, 0x0000022c87d75c78]
Event: 64.967 Thread 0x0000022cf4dde970 6801       1       org.eclipse.jdt.internal.core.builder.ClasspathJrt::hasModule (2 bytes)
Event: 64.967 Thread 0x0000022cf4dde970 nmethod 6801 0x0000022c87d75d10 code [0x0000022c87d75ea0, 0x0000022c87d75f78]
Event: 64.967 Thread 0x0000022cf4dde970 6802       3       org.eclipse.core.internal.resources.ProjectPreferences::internalGet (26 bytes)
Event: 64.968 Thread 0x0000022cf4dde970 nmethod 6802 0x0000022c80b65d10 code [0x0000022c80b65f20, 0x0000022c80b66468]
Event: 64.968 Thread 0x0000022cf4dde970 6803       3       org.eclipse.core.runtime.Path::append (267 bytes)
Event: 64.970 Thread 0x0000022cf4dde970 nmethod 6803 0x0000022c80b66690 code [0x0000022c80b66a00, 0x0000022c80b680c8]
Event: 64.970 Thread 0x0000022cf4dde970 6804       3       org.eclipse.jdt.internal.core.builder.ClasspathJrt::getModule (42 bytes)
Event: 64.971 Thread 0x0000022cf4dde970 nmethod 6804 0x0000022c80b68910 code [0x0000022c80b68b00, 0x0000022c80b69198]
Event: 64.971 Thread 0x0000022cf4dde970 6807       1       org.eclipse.jdt.internal.compiler.classfmt.ModuleInfo::requires (5 bytes)
Event: 64.971 Thread 0x0000022cf4dde970 nmethod 6807 0x0000022c87d76010 code [0x0000022c87d761a0, 0x0000022c87d76278]
Event: 64.971 Thread 0x0000022cf4dde970 6806       1       org.eclipse.jdt.internal.compiler.classfmt.ModuleInfo$PackageExportInfo::targets (5 bytes)
Event: 64.971 Thread 0x0000022cf4dde970 nmethod 6806 0x0000022c87d76310 code [0x0000022c87d764a0, 0x0000022c87d76578]
Event: 64.971 Thread 0x0000022cf4dde970 6805       1       org.eclipse.jdt.internal.compiler.classfmt.ModuleInfo::exports (5 bytes)
Event: 64.971 Thread 0x0000022cf4dde970 nmethod 6805 0x0000022c87d76610 code [0x0000022c87d767a0, 0x0000022c87d76878]

GC Heap History (20 events):
Event: 45.308 GC heap before
{Heap before GC invocations=17 (full 2):
 PSYoungGen      total 23040K, used 23012K [0x00000000eab00000, 0x00000000ec680000, 0x0000000100000000)
  eden space 22016K, 100% used [0x00000000eab00000,0x00000000ec080000,0x00000000ec080000)
  from space 1024K, 97% used [0x00000000ec500000,0x00000000ec5f9150,0x00000000ec600000)
  to   space 3072K, 0% used [0x00000000ec080000,0x00000000ec080000,0x00000000ec380000)
 ParOldGen       total 68608K, used 16829K [0x00000000c0000000, 0x00000000c4300000, 0x00000000eab00000)
  object space 68608K, 24% used [0x00000000c0000000,0x00000000c106f638,0x00000000c4300000)
 Metaspace       used 48510K, committed 49600K, reserved 1114112K
  class space    used 5253K, committed 5760K, reserved 1048576K
}
Event: 45.314 GC heap after
{Heap after GC invocations=17 (full 2):
 PSYoungGen      total 24576K, used 2122K [0x00000000eab00000, 0x00000000ec580000, 0x0000000100000000)
  eden space 22016K, 0% used [0x00000000eab00000,0x00000000eab00000,0x00000000ec080000)
  from space 2560K, 82% used [0x00000000ec080000,0x00000000ec292998,0x00000000ec300000)
  to   space 2560K, 0% used [0x00000000ec300000,0x00000000ec300000,0x00000000ec580000)
 ParOldGen       total 68608K, used 17818K [0x00000000c0000000, 0x00000000c4300000, 0x00000000eab00000)
  object space 68608K, 25% used [0x00000000c0000000,0x00000000c1166ab8,0x00000000c4300000)
 Metaspace       used 48510K, committed 49600K, reserved 1114112K
  class space    used 5253K, committed 5760K, reserved 1048576K
}
Event: 46.242 GC heap before
{Heap before GC invocations=18 (full 2):
 PSYoungGen      total 24576K, used 24138K [0x00000000eab00000, 0x00000000ec580000, 0x0000000100000000)
  eden space 22016K, 100% used [0x00000000eab00000,0x00000000ec080000,0x00000000ec080000)
  from space 2560K, 82% used [0x00000000ec080000,0x00000000ec292998,0x00000000ec300000)
  to   space 2560K, 0% used [0x00000000ec300000,0x00000000ec300000,0x00000000ec580000)
 ParOldGen       total 68608K, used 17818K [0x00000000c0000000, 0x00000000c4300000, 0x00000000eab00000)
  object space 68608K, 25% used [0x00000000c0000000,0x00000000c1166ab8,0x00000000c4300000)
 Metaspace       used 51294K, committed 52352K, reserved 1114112K
  class space    used 5571K, committed 6016K, reserved 1048576K
}
Event: 46.247 GC heap after
{Heap after GC invocations=18 (full 2):
 PSYoungGen      total 23552K, used 1232K [0x00000000eab00000, 0x00000000ec480000, 0x0000000100000000)
  eden space 22016K, 0% used [0x00000000eab00000,0x00000000eab00000,0x00000000ec080000)
  from space 1536K, 80% used [0x00000000ec300000,0x00000000ec434010,0x00000000ec480000)
  to   space 2048K, 0% used [0x00000000ec080000,0x00000000ec080000,0x00000000ec280000)
 ParOldGen       total 68608K, used 19823K [0x00000000c0000000, 0x00000000c4300000, 0x00000000eab00000)
  object space 68608K, 28% used [0x00000000c0000000,0x00000000c135bda0,0x00000000c4300000)
 Metaspace       used 51294K, committed 52352K, reserved 1114112K
  class space    used 5571K, committed 6016K, reserved 1048576K
}
Event: 46.586 GC heap before
{Heap before GC invocations=19 (full 2):
 PSYoungGen      total 23552K, used 23248K [0x00000000eab00000, 0x00000000ec480000, 0x0000000100000000)
  eden space 22016K, 100% used [0x00000000eab00000,0x00000000ec080000,0x00000000ec080000)
  from space 1536K, 80% used [0x00000000ec300000,0x00000000ec434010,0x00000000ec480000)
  to   space 2048K, 0% used [0x00000000ec080000,0x00000000ec080000,0x00000000ec280000)
 ParOldGen       total 68608K, used 19823K [0x00000000c0000000, 0x00000000c4300000, 0x00000000eab00000)
  object space 68608K, 28% used [0x00000000c0000000,0x00000000c135bda0,0x00000000c4300000)
 Metaspace       used 52016K, committed 53056K, reserved 1114112K
  class space    used 5652K, committed 6144K, reserved 1048576K
}
Event: 46.591 GC heap after
{Heap after GC invocations=19 (full 2):
 PSYoungGen      total 24064K, used 1728K [0x00000000eab00000, 0x00000000ec480000, 0x0000000100000000)
  eden space 22016K, 0% used [0x00000000eab00000,0x00000000eab00000,0x00000000ec080000)
  from space 2048K, 84% used [0x00000000ec080000,0x00000000ec230020,0x00000000ec280000)
  to   space 2048K, 0% used [0x00000000ec280000,0x00000000ec280000,0x00000000ec480000)
 ParOldGen       total 68608K, used 20992K [0x00000000c0000000, 0x00000000c4300000, 0x00000000eab00000)
  object space 68608K, 30% used [0x00000000c0000000,0x00000000c1480108,0x00000000c4300000)
 Metaspace       used 52016K, committed 53056K, reserved 1114112K
  class space    used 5652K, committed 6144K, reserved 1048576K
}
Event: 46.752 GC heap before
{Heap before GC invocations=20 (full 2):
 PSYoungGen      total 24064K, used 23744K [0x00000000eab00000, 0x00000000ec480000, 0x0000000100000000)
  eden space 22016K, 100% used [0x00000000eab00000,0x00000000ec080000,0x00000000ec080000)
  from space 2048K, 84% used [0x00000000ec080000,0x00000000ec230020,0x00000000ec280000)
  to   space 2048K, 0% used [0x00000000ec280000,0x00000000ec280000,0x00000000ec480000)
 ParOldGen       total 68608K, used 20992K [0x00000000c0000000, 0x00000000c4300000, 0x00000000eab00000)
  object space 68608K, 30% used [0x00000000c0000000,0x00000000c1480108,0x00000000c4300000)
 Metaspace       used 52106K, committed 53184K, reserved 1114112K
  class space    used 5656K, committed 6144K, reserved 1048576K
}
Event: 46.757 GC heap after
{Heap after GC invocations=20 (full 2):
 PSYoungGen      total 24064K, used 1856K [0x00000000eab00000, 0x00000000ec480000, 0x0000000100000000)
  eden space 22016K, 0% used [0x00000000eab00000,0x00000000eab00000,0x00000000ec080000)
  from space 2048K, 90% used [0x00000000ec280000,0x00000000ec450010,0x00000000ec480000)
  to   space 2048K, 0% used [0x00000000ec080000,0x00000000ec080000,0x00000000ec280000)
 ParOldGen       total 68608K, used 22637K [0x00000000c0000000, 0x00000000c4300000, 0x00000000eab00000)
  object space 68608K, 32% used [0x00000000c0000000,0x00000000c161b480,0x00000000c4300000)
 Metaspace       used 52106K, committed 53184K, reserved 1114112K
  class space    used 5656K, committed 6144K, reserved 1048576K
}
Event: 46.890 GC heap before
{Heap before GC invocations=21 (full 2):
 PSYoungGen      total 24064K, used 23872K [0x00000000eab00000, 0x00000000ec480000, 0x0000000100000000)
  eden space 22016K, 100% used [0x00000000eab00000,0x00000000ec080000,0x00000000ec080000)
  from space 2048K, 90% used [0x00000000ec280000,0x00000000ec450010,0x00000000ec480000)
  to   space 2048K, 0% used [0x00000000ec080000,0x00000000ec080000,0x00000000ec280000)
 ParOldGen       total 68608K, used 22637K [0x00000000c0000000, 0x00000000c4300000, 0x00000000eab00000)
  object space 68608K, 32% used [0x00000000c0000000,0x00000000c161b480,0x00000000c4300000)
 Metaspace       used 52234K, committed 53312K, reserved 1114112K
  class space    used 5671K, committed 6144K, reserved 1048576K
}
Event: 46.896 GC heap after
{Heap after GC invocations=21 (full 2):
 PSYoungGen      total 24064K, used 2016K [0x00000000eab00000, 0x00000000ec980000, 0x0000000100000000)
  eden space 22016K, 0% used [0x00000000eab00000,0x00000000eab00000,0x00000000ec080000)
  from space 2048K, 98% used [0x00000000ec080000,0x00000000ec278020,0x00000000ec280000)
  to   space 4608K, 0% used [0x00000000ec500000,0x00000000ec500000,0x00000000ec980000)
 ParOldGen       total 68608K, used 24641K [0x00000000c0000000, 0x00000000c4300000, 0x00000000eab00000)
  object space 68608K, 35% used [0x00000000c0000000,0x00000000c18104f8,0x00000000c4300000)
 Metaspace       used 52234K, committed 53312K, reserved 1114112K
  class space    used 5671K, committed 6144K, reserved 1048576K
}
Event: 46.991 GC heap before
{Heap before GC invocations=22 (full 2):
 PSYoungGen      total 24064K, used 24032K [0x00000000eab00000, 0x00000000ec980000, 0x0000000100000000)
  eden space 22016K, 100% used [0x00000000eab00000,0x00000000ec080000,0x00000000ec080000)
  from space 2048K, 98% used [0x00000000ec080000,0x00000000ec278020,0x00000000ec280000)
  to   space 4608K, 0% used [0x00000000ec500000,0x00000000ec500000,0x00000000ec980000)
 ParOldGen       total 68608K, used 24641K [0x00000000c0000000, 0x00000000c4300000, 0x00000000eab00000)
  object space 68608K, 35% used [0x00000000c0000000,0x00000000c18104f8,0x00000000c4300000)
 Metaspace       used 52234K, committed 53312K, reserved 1114112K
  class space    used 5671K, committed 6144K, reserved 1048576K
}
Event: 46.999 GC heap after
{Heap after GC invocations=22 (full 2):
 PSYoungGen      total 24064K, used 1888K [0x00000000eab00000, 0x00000000ec700000, 0x0000000100000000)
  eden space 22016K, 0% used [0x00000000eab00000,0x00000000eab00000,0x00000000ec080000)
  from space 2048K, 92% used [0x00000000ec500000,0x00000000ec6d8000,0x00000000ec700000)
  to   space 3072K, 0% used [0x00000000ec100000,0x00000000ec100000,0x00000000ec400000)
 ParOldGen       total 68608K, used 26641K [0x00000000c0000000, 0x00000000c4300000, 0x00000000eab00000)
  object space 68608K, 38% used [0x00000000c0000000,0x00000000c1a04678,0x00000000c4300000)
 Metaspace       used 52234K, committed 53312K, reserved 1114112K
  class space    used 5671K, committed 6144K, reserved 1048576K
}
Event: 47.105 GC heap before
{Heap before GC invocations=23 (full 2):
 PSYoungGen      total 24064K, used 23904K [0x00000000eab00000, 0x00000000ec700000, 0x0000000100000000)
  eden space 22016K, 100% used [0x00000000eab00000,0x00000000ec080000,0x00000000ec080000)
  from space 2048K, 92% used [0x00000000ec500000,0x00000000ec6d8000,0x00000000ec700000)
  to   space 3072K, 0% used [0x00000000ec100000,0x00000000ec100000,0x00000000ec400000)
 ParOldGen       total 68608K, used 26641K [0x00000000c0000000, 0x00000000c4300000, 0x00000000eab00000)
  object space 68608K, 38% used [0x00000000c0000000,0x00000000c1a04678,0x00000000c4300000)
 Metaspace       used 52234K, committed 53312K, reserved 1114112K
  class space    used 5671K, committed 6144K, reserved 1048576K
}
Event: 47.114 GC heap after
{Heap after GC invocations=23 (full 2):
 PSYoungGen      total 24576K, used 2208K [0x00000000eab00000, 0x00000000ec580000, 0x0000000100000000)
  eden space 22016K, 0% used [0x00000000eab00000,0x00000000eab00000,0x00000000ec080000)
  from space 2560K, 86% used [0x00000000ec100000,0x00000000ec328010,0x00000000ec380000)
  to   space 2048K, 0% used [0x00000000ec380000,0x00000000ec380000,0x00000000ec580000)
 ParOldGen       total 68608K, used 28473K [0x00000000c0000000, 0x00000000c4300000, 0x00000000eab00000)
  object space 68608K, 41% used [0x00000000c0000000,0x00000000c1bce678,0x00000000c4300000)
 Metaspace       used 52234K, committed 53312K, reserved 1114112K
  class space    used 5671K, committed 6144K, reserved 1048576K
}
Event: 47.208 GC heap before
{Heap before GC invocations=24 (full 2):
 PSYoungGen      total 24576K, used 24224K [0x00000000eab00000, 0x00000000ec580000, 0x0000000100000000)
  eden space 22016K, 100% used [0x00000000eab00000,0x00000000ec080000,0x00000000ec080000)
  from space 2560K, 86% used [0x00000000ec100000,0x00000000ec328010,0x00000000ec380000)
  to   space 2048K, 0% used [0x00000000ec380000,0x00000000ec380000,0x00000000ec580000)
 ParOldGen       total 68608K, used 28473K [0x00000000c0000000, 0x00000000c4300000, 0x00000000eab00000)
  object space 68608K, 41% used [0x00000000c0000000,0x00000000c1bce678,0x00000000c4300000)
 Metaspace       used 52234K, committed 53312K, reserved 1114112K
  class space    used 5671K, committed 6144K, reserved 1048576K
}
Event: 47.217 GC heap after
{Heap after GC invocations=24 (full 2):
 PSYoungGen      total 24064K, used 1824K [0x00000000eab00000, 0x00000000ec580000, 0x0000000100000000)
  eden space 22016K, 0% used [0x00000000eab00000,0x00000000eab00000,0x00000000ec080000)
  from space 2048K, 89% used [0x00000000ec380000,0x00000000ec548000,0x00000000ec580000)
  to   space 2048K, 0% used [0x00000000ec180000,0x00000000ec180000,0x00000000ec380000)
 ParOldGen       total 68608K, used 30633K [0x00000000c0000000, 0x00000000c4300000, 0x00000000eab00000)
  object space 68608K, 44% used [0x00000000c0000000,0x00000000c1dea688,0x00000000c4300000)
 Metaspace       used 52234K, committed 53312K, reserved 1114112K
  class space    used 5671K, committed 6144K, reserved 1048576K
}
Event: 47.606 GC heap before
{Heap before GC invocations=25 (full 2):
 PSYoungGen      total 24064K, used 23840K [0x00000000eab00000, 0x00000000ec580000, 0x0000000100000000)
  eden space 22016K, 100% used [0x00000000eab00000,0x00000000ec080000,0x00000000ec080000)
  from space 2048K, 89% used [0x00000000ec380000,0x00000000ec548000,0x00000000ec580000)
  to   space 2048K, 0% used [0x00000000ec180000,0x00000000ec180000,0x00000000ec380000)
 ParOldGen       total 68608K, used 30633K [0x00000000c0000000, 0x00000000c4300000, 0x00000000eab00000)
  object space 68608K, 44% used [0x00000000c0000000,0x00000000c1dea688,0x00000000c4300000)
 Metaspace       used 52656K, committed 53760K, reserved 1114112K
  class space    used 5708K, committed 6208K, reserved 1048576K
}
Event: 47.613 GC heap after
{Heap after GC invocations=25 (full 2):
 PSYoungGen      total 24064K, used 1760K [0x00000000eab00000, 0x00000000ec480000, 0x0000000100000000)
  eden space 22016K, 0% used [0x00000000eab00000,0x00000000eab00000,0x00000000ec080000)
  from space 2048K, 85% used [0x00000000ec180000,0x00000000ec338000,0x00000000ec380000)
  to   space 1024K, 0% used [0x00000000ec380000,0x00000000ec380000,0x00000000ec480000)
 ParOldGen       total 68608K, used 32398K [0x00000000c0000000, 0x00000000c4300000, 0x00000000eab00000)
  object space 68608K, 47% used [0x00000000c0000000,0x00000000c1fa39e0,0x00000000c4300000)
 Metaspace       used 52656K, committed 53760K, reserved 1114112K
  class space    used 5708K, committed 6208K, reserved 1048576K
}
Event: 64.638 GC heap before
{Heap before GC invocations=26 (full 2):
 PSYoungGen      total 24064K, used 23776K [0x00000000eab00000, 0x00000000ec480000, 0x0000000100000000)
  eden space 22016K, 100% used [0x00000000eab00000,0x00000000ec080000,0x00000000ec080000)
  from space 2048K, 85% used [0x00000000ec180000,0x00000000ec338000,0x00000000ec380000)
  to   space 1024K, 0% used [0x00000000ec380000,0x00000000ec380000,0x00000000ec480000)
 ParOldGen       total 68608K, used 32398K [0x00000000c0000000, 0x00000000c4300000, 0x00000000eab00000)
  object space 68608K, 47% used [0x00000000c0000000,0x00000000c1fa39e0,0x00000000c4300000)
 Metaspace       used 54666K, committed 55744K, reserved 1114112K
  class space    used 5907K, committed 6400K, reserved 1048576K
}
Event: 64.648 GC heap after
{Heap after GC invocations=26 (full 2):
 PSYoungGen      total 22528K, used 999K [0x00000000eab00000, 0x00000000ec780000, 0x0000000100000000)
  eden space 21504K, 0% used [0x00000000eab00000,0x00000000eab00000,0x00000000ec000000)
  from space 1024K, 97% used [0x00000000ec380000,0x00000000ec479fd8,0x00000000ec480000)
  to   space 3584K, 0% used [0x00000000ec000000,0x00000000ec000000,0x00000000ec380000)
 ParOldGen       total 68608K, used 34298K [0x00000000c0000000, 0x00000000c4300000, 0x00000000eab00000)
  object space 68608K, 49% used [0x00000000c0000000,0x00000000c217e9f0,0x00000000c4300000)
 Metaspace       used 54666K, committed 55744K, reserved 1114112K
  class space    used 5907K, committed 6400K, reserved 1048576K
}

Dll operation events (10 events):
Event: 0.056 Loaded shared library c:\Users\forer\.vscode\extensions\redhat.java-1.23.0-win32-x64\jre\17.0.8.1-win32-x86_64\bin\java.dll
Event: 1.373 Loaded shared library c:\Users\forer\.vscode\extensions\redhat.java-1.23.0-win32-x64\jre\17.0.8.1-win32-x86_64\bin\zip.dll
Event: 1.377 Loaded shared library C:\Users\forer\.vscode\extensions\redhat.java-1.23.0-win32-x64\jre\17.0.8.1-win32-x86_64\bin\instrument.dll
Event: 1.407 Loaded shared library C:\Users\forer\.vscode\extensions\redhat.java-1.23.0-win32-x64\jre\17.0.8.1-win32-x86_64\bin\net.dll
Event: 1.459 Loaded shared library C:\Users\forer\.vscode\extensions\redhat.java-1.23.0-win32-x64\jre\17.0.8.1-win32-x86_64\bin\nio.dll
Event: 1.633 Loaded shared library C:\Users\forer\.vscode\extensions\redhat.java-1.23.0-win32-x64\jre\17.0.8.1-win32-x86_64\bin\zip.dll
Event: 1.815 Loaded shared library C:\Users\forer\.vscode\extensions\redhat.java-1.23.0-win32-x64\jre\17.0.8.1-win32-x86_64\bin\jimage.dll
Event: 2.087 Loaded shared library c:\Users\forer\.vscode\extensions\redhat.java-1.23.0-win32-x64\jre\17.0.8.1-win32-x86_64\bin\verify.dll
Event: 23.722 Loaded shared library C:\Users\forer\AppData\Roaming\Code\User\globalStorage\redhat.java\1.23.0\config_win\org.eclipse.equinox.launcher\org.eclipse.equinox.launcher.win32.win32.x86_64_1.2.700.v20221108-1024\eclipse_11801.dll
Event: 43.742 Loaded shared library C:\Users\forer\AppData\Local\Temp\jna-97618742\jna7293413984763074832.dll

Deoptimization events (20 events):
Event: 64.622 Thread 0x0000022cfb7740f0 Uncommon trap: trap_request=0xffffffd6 fr.pc=0x0000022c87b85904 relative=0x00000000000003c4
Event: 64.623 Thread 0x0000022cfb7740f0 Uncommon trap: reason=array_check action=maybe_recompile pc=0x0000022c87b85904 method=java.util.TimSort.binarySort([Ljava/lang/Object;IIILjava/util/Comparator;)V @ 215 c2
Event: 64.623 Thread 0x0000022cfb7740f0 DEOPT PACKING pc=0x0000022c87b85904 sp=0x000000ac588fcc90
Event: 64.623 Thread 0x0000022cfb7740f0 DEOPT UNPACKING pc=0x0000022c875866a3 sp=0x000000ac588fcc28 mode 2
Event: 64.939 Thread 0x0000022cfb7740f0 Uncommon trap: trap_request=0xffffffd6 fr.pc=0x0000022c87b85904 relative=0x00000000000003c4
Event: 64.939 Thread 0x0000022cfb7740f0 Uncommon trap: reason=array_check action=maybe_recompile pc=0x0000022c87b85904 method=java.util.TimSort.binarySort([Ljava/lang/Object;IIILjava/util/Comparator;)V @ 215 c2
Event: 64.939 Thread 0x0000022cfb7740f0 DEOPT PACKING pc=0x0000022c87b85904 sp=0x000000ac588fd460
Event: 64.939 Thread 0x0000022cfb7740f0 DEOPT UNPACKING pc=0x0000022c875866a3 sp=0x000000ac588fd3f8 mode 2
Event: 64.939 Thread 0x0000022cfb7740f0 Uncommon trap: trap_request=0xffffffd6 fr.pc=0x0000022c87b85904 relative=0x00000000000003c4
Event: 64.940 Thread 0x0000022cfb7740f0 Uncommon trap: reason=array_check action=maybe_recompile pc=0x0000022c87b85904 method=java.util.TimSort.binarySort([Ljava/lang/Object;IIILjava/util/Comparator;)V @ 215 c2
Event: 64.949 Thread 0x0000022cfb7740f0 DEOPT PACKING pc=0x0000022c87b85904 sp=0x000000ac588fd460
Event: 64.949 Thread 0x0000022cfb7740f0 DEOPT UNPACKING pc=0x0000022c875866a3 sp=0x000000ac588fd3f8 mode 2
Event: 64.950 Thread 0x0000022cfb7740f0 Uncommon trap: trap_request=0xffffffd6 fr.pc=0x0000022c87b859d4 relative=0x0000000000000494
Event: 64.950 Thread 0x0000022cfb7740f0 Uncommon trap: reason=array_check action=maybe_recompile pc=0x0000022c87b859d4 method=java.util.TimSort.binarySort([Ljava/lang/Object;IIILjava/util/Comparator;)V @ 193 c2
Event: 64.950 Thread 0x0000022cfb7740f0 DEOPT PACKING pc=0x0000022c87b859d4 sp=0x000000ac588fd460
Event: 64.950 Thread 0x0000022cfb7740f0 DEOPT UNPACKING pc=0x0000022c875866a3 sp=0x000000ac588fd3f8 mode 2
Event: 64.950 Thread 0x0000022cfb7740f0 Uncommon trap: trap_request=0xffffffd6 fr.pc=0x0000022c87b85afc relative=0x00000000000005bc
Event: 64.950 Thread 0x0000022cfb7740f0 Uncommon trap: reason=array_check action=maybe_recompile pc=0x0000022c87b85afc method=java.util.TimSort.binarySort([Ljava/lang/Object;IIILjava/util/Comparator;)V @ 183 c2
Event: 64.950 Thread 0x0000022cfb7740f0 DEOPT PACKING pc=0x0000022c87b85afc sp=0x000000ac588fd460
Event: 64.950 Thread 0x0000022cfb7740f0 DEOPT UNPACKING pc=0x0000022c875866a3 sp=0x000000ac588fd3f8 mode 2

Classes unloaded (14 events):
Event: 39.437 Thread 0x0000022cf001ec60 Unloading class 0x000000010024c000 'java/lang/invoke/LambdaForm$MH+0x000000010024c000'
Event: 39.437 Thread 0x0000022cf001ec60 Unloading class 0x000000010024bc00 'java/lang/invoke/LambdaForm$MH+0x000000010024bc00'
Event: 39.437 Thread 0x0000022cf001ec60 Unloading class 0x000000010024b800 'java/lang/invoke/LambdaForm$MH+0x000000010024b800'
Event: 39.437 Thread 0x0000022cf001ec60 Unloading class 0x000000010024b400 'java/lang/invoke/LambdaForm$MH+0x000000010024b400'
Event: 39.437 Thread 0x0000022cf001ec60 Unloading class 0x000000010024b000 'java/lang/invoke/LambdaForm$BMH+0x000000010024b000'
Event: 39.437 Thread 0x0000022cf001ec60 Unloading class 0x000000010024ac00 'java/lang/invoke/LambdaForm$DMH+0x000000010024ac00'
Event: 39.437 Thread 0x0000022cf001ec60 Unloading class 0x0000000100248000 'java/lang/invoke/LambdaForm$DMH+0x0000000100248000'
Event: 42.846 Thread 0x0000022cf001ec60 Unloading class 0x000000010024bc00 'java/lang/invoke/LambdaForm$MH+0x000000010024bc00'
Event: 42.846 Thread 0x0000022cf001ec60 Unloading class 0x000000010024b800 'java/lang/invoke/LambdaForm$MH+0x000000010024b800'
Event: 42.846 Thread 0x0000022cf001ec60 Unloading class 0x000000010024b400 'java/lang/invoke/LambdaForm$MH+0x000000010024b400'
Event: 42.846 Thread 0x0000022cf001ec60 Unloading class 0x000000010024b000 'java/lang/invoke/LambdaForm$MH+0x000000010024b000'
Event: 42.846 Thread 0x0000022cf001ec60 Unloading class 0x0000000100248000 'java/lang/invoke/LambdaForm$BMH+0x0000000100248000'
Event: 42.847 Thread 0x0000022cf001ec60 Unloading class 0x000000010024ac00 'java/lang/invoke/LambdaForm$DMH+0x000000010024ac00'
Event: 42.847 Thread 0x0000022cf001ec60 Unloading class 0x000000010024c000 'java/lang/invoke/LambdaForm$DMH+0x000000010024c000'

Classes redefined (0 events):
No events

Internal exceptions (20 events):
Event: 47.435 Thread 0x0000022cfb779700 Exception <a 'sun/nio/fs/WindowsException'{0x00000000eb47d890}> (0x00000000eb47d890) 
thrown [s\src\hotspot\share\prims\jni.cpp, line 516]
Event: 47.436 Thread 0x0000022cfb779700 Exception <a 'sun/nio/fs/WindowsException'{0x00000000eb482208}> (0x00000000eb482208) 
thrown [s\src\hotspot\share\prims\jni.cpp, line 516]
Event: 47.436 Thread 0x0000022cfb779700 Exception <a 'sun/nio/fs/WindowsException'{0x00000000eb4827e8}> (0x00000000eb4827e8) 
thrown [s\src\hotspot\share\prims\jni.cpp, line 516]
Event: 47.436 Thread 0x0000022cfb779700 Exception <a 'sun/nio/fs/WindowsException'{0x00000000eb482dd8}> (0x00000000eb482dd8) 
thrown [s\src\hotspot\share\prims\jni.cpp, line 516]
Event: 47.436 Thread 0x0000022cfb779700 Exception <a 'sun/nio/fs/WindowsException'{0x00000000eb4833d8}> (0x00000000eb4833d8) 
thrown [s\src\hotspot\share\prims\jni.cpp, line 516]
Event: 47.820 Thread 0x0000022cfb779700 Exception <a 'java/io/FileNotFoundException'{0x00000000eafd62f8}> (0x00000000eafd62f8) 
thrown [s\src\hotspot\share\prims\jni.cpp, line 516]
Event: 48.221 Thread 0x0000022cfb779700 Exception <a 'sun/nio/fs/WindowsException'{0x00000000eb25fad8}> (0x00000000eb25fad8) 
thrown [s\src\hotspot\share\prims\jni.cpp, line 516]
Event: 48.227 Thread 0x0000022cfb779700 Exception <a 'sun/nio/fs/WindowsException'{0x00000000eb2916f0}> (0x00000000eb2916f0) 
thrown [s\src\hotspot\share\prims\jni.cpp, line 516]
Event: 48.358 Thread 0x0000022cfaafd3c0 Exception <a 'java/io/FileNotFoundException'{0x00000000eb39eab8}> (0x00000000eb39eab8) 
thrown [s\src\hotspot\share\prims\jni.cpp, line 516]
Event: 48.358 Thread 0x0000022cfaafd3c0 Exception <a 'java/io/FileNotFoundException'{0x00000000eb39fb10}> (0x00000000eb39fb10) 
thrown [s\src\hotspot\share\prims\jni.cpp, line 516]
Event: 48.378 Thread 0x0000022cfb7791f0 Exception <a 'sun/nio/fs/WindowsException'{0x00000000eb4c7bb8}> (0x00000000eb4c7bb8) 
thrown [s\src\hotspot\share\prims\jni.cpp, line 516]
Event: 48.628 Thread 0x0000022cfb7791f0 Exception <a 'sun/nio/fs/WindowsException'{0x00000000eb65ca78}> (0x00000000eb65ca78) 
thrown [s\src\hotspot\share\prims\jni.cpp, line 516]
Event: 48.724 Thread 0x0000022cfb7791f0 Exception <a 'java/lang/NoSuchMethodError'{0x00000000eb6d79b8}: 'java.lang.Object java.lang.invoke.DirectMethodHandle$Holder.invokeStatic(java.lang.Object, java.lang.Object, int, java.lang.Object)'> (0x00000000eb6d79b8) 
thrown [s\src\hotspot\share\interpreter\linkResolver.cpp, line 759]
Event: 48.735 Thread 0x0000022cfb7791f0 Exception <a 'java/lang/NoSuchMethodError'{0x00000000eb6e0368}: 'java.lang.Object java.lang.invoke.DirectMethodHandle$Holder.newInvokeSpecial(java.lang.Object, java.lang.Object, int)'> (0x00000000eb6e0368) 
thrown [s\src\hotspot\share\interpreter\linkResolver.cpp, line 759]
Event: 49.667 Thread 0x0000022cfb7731c0 Exception <a 'java/lang/NoSuchMethodError'{0x00000000eba03e60}: 'java.lang.Object java.lang.invoke.DirectMethodHandle$Holder.invokeInterface(java.lang.Object, java.lang.Object, java.lang.Object)'> (0x00000000eba03e60) 
thrown [s\src\hotspot\share\interpreter\linkResolver.cpp, line 759]
Event: 64.490 Thread 0x0000022cfb7740f0 Exception <a 'java/lang/NoSuchMethodError'{0x00000000ebe6e258}: 'java.lang.Object java.lang.invoke.DirectMethodHandle$Holder.newInvokeSpecial(java.lang.Object, java.lang.Object, java.lang.Object, java.lang.Object, java.lang.Object, java.lang.Object)'> (0x00000000ebe6e258) 
thrown [s\src\hotspot\share\interpreter\linkResolver.cpp, line 759]
Event: 64.497 Thread 0x0000022cfb7740f0 Exception <a 'java/lang/NoSuchMethodError'{0x00000000ebe8b3f0}: 'int java.lang.invoke.DirectMethodHandle$Holder.invokeStatic(java.lang.Object)'> (0x00000000ebe8b3f0) 
thrown [s\src\hotspot\share\interpreter\linkResolver.cpp, line 759]
Event: 64.573 Thread 0x0000022cfb7740f0 Exception <a 'java/io/FileNotFoundException'{0x00000000ebf34088}> (0x00000000ebf34088) 
thrown [s\src\hotspot\share\prims\jni.cpp, line 516]
Event: 64.574 Thread 0x0000022cfb7740f0 Exception <a 'java/io/FileNotFoundException'{0x00000000ebf35980}> (0x00000000ebf35980) 
thrown [s\src\hotspot\share\prims\jni.cpp, line 516]
Event: 64.574 Thread 0x0000022cfb7740f0 Exception <a 'java/io/FileNotFoundException'{0x00000000ebf36c90}> (0x00000000ebf36c90) 
thrown [s\src\hotspot\share\prims\jni.cpp, line 516]

VM Operations (20 events):
Event: 48.502 Executing VM operation: HandshakeAllThreads
Event: 48.502 Executing VM operation: HandshakeAllThreads done
Event: 49.517 Executing VM operation: Cleanup
Event: 49.517 Executing VM operation: Cleanup done
Event: 50.528 Executing VM operation: Cleanup
Event: 50.528 Executing VM operation: Cleanup done
Event: 51.533 Executing VM operation: Cleanup
Event: 51.533 Executing VM operation: Cleanup done
Event: 54.565 Executing VM operation: Cleanup
Event: 54.566 Executing VM operation: Cleanup done
Event: 57.587 Executing VM operation: Cleanup
Event: 57.587 Executing VM operation: Cleanup done
Event: 60.145 Executing VM operation: HandshakeAllThreads
Event: 60.145 Executing VM operation: HandshakeAllThreads done
Event: 64.499 Executing VM operation: HandshakeAllThreads
Event: 64.499 Executing VM operation: HandshakeAllThreads done
Event: 64.499 Executing VM operation: Cleanup
Event: 64.500 Executing VM operation: Cleanup done
Event: 64.638 Executing VM operation: ParallelGCFailedAllocation
Event: 64.648 Executing VM operation: ParallelGCFailedAllocation done

Events (20 events):
Event: 48.523 loading class java/util/concurrent/CompletableFuture$Signaller done
Event: 48.523 loading class java/util/concurrent/ForkJoinTask$Aux
Event: 48.524 loading class java/util/concurrent/ForkJoinTask$Aux done
Event: 48.737 loading class java/util/concurrent/CompletableFuture$UniApply
Event: 48.737 loading class java/util/concurrent/CompletableFuture$UniCompletion
Event: 48.738 loading class java/util/concurrent/CompletableFuture$UniCompletion done
Event: 48.738 loading class java/util/concurrent/CompletableFuture$UniApply done
Event: 48.739 loading class java/util/concurrent/ForkJoinPool$DefaultCommonPoolForkJoinWorkerThreadFactory$1
Event: 48.739 loading class java/util/concurrent/ForkJoinPool$DefaultCommonPoolForkJoinWorkerThreadFactory$1 done
Event: 48.740 Thread 0x0000022cfb7740f0 Thread added: 0x0000022cfb7740f0
Event: 48.776 loading class java/util/Hashtable$KeySet
Event: 48.776 loading class java/util/Hashtable$KeySet done
Event: 49.056 Thread 0x0000022cfb775a40 Thread added: 0x0000022cfb775a40
Event: 49.056 loading class java/util/concurrent/CompletableFuture$UniAccept
Event: 49.056 loading class java/util/concurrent/CompletableFuture$UniAccept done
Event: 49.056 loading class java/util/concurrent/CompletableFuture$UniExceptionally
Event: 49.056 loading class java/util/concurrent/CompletableFuture$UniExceptionally done
Event: 49.225 Thread 0x0000022cfb7731c0 Thread added: 0x0000022cfb7731c0
Event: 49.225 loading class java/util/HashMap$ValueSpliterator
Event: 49.225 loading class java/util/HashMap$ValueSpliterator done


Dynamic libraries:
0x00007ff69b980000 - 0x00007ff69b98e000 	c:\Users\forer\.vscode\extensions\redhat.java-1.23.0-win32-x64\jre\17.0.8.1-win32-x86_64\bin\java.exe
0x00007ff885330000 - 0x00007ff885547000 	C:\WINDOWS\SYSTEM32\ntdll.dll
0x00007ff8837b0000 - 0x00007ff883874000 	C:\WINDOWS\System32\KERNEL32.DLL
0x00007ff882af0000 - 0x00007ff882e96000 	C:\WINDOWS\System32\KERNELBASE.dll
0x00007ff8827f0000 - 0x00007ff882901000 	C:\WINDOWS\System32\ucrtbase.dll
0x00007ff8361f0000 - 0x00007ff836207000 	c:\Users\forer\.vscode\extensions\redhat.java-1.23.0-win32-x64\jre\17.0.8.1-win32-x86_64\bin\jli.dll
0x00007ff884560000 - 0x00007ff88470d000 	C:\WINDOWS\System32\USER32.dll
0x00007ff883060000 - 0x00007ff883086000 	C:\WINDOWS\System32\win32u.dll
0x00007ff884cb0000 - 0x00007ff884cd9000 	C:\WINDOWS\System32\GDI32.dll
0x00007ff882ea0000 - 0x00007ff882fb8000 	C:\WINDOWS\System32\gdi32full.dll
0x00007ff882fc0000 - 0x00007ff88305a000 	C:\WINDOWS\System32\msvcp_win.dll
0x00007ff814480000 - 0x00007ff814499000 	c:\Users\forer\.vscode\extensions\redhat.java-1.23.0-win32-x64\jre\17.0.8.1-win32-x86_64\bin\VCRUNTIME140.dll
0x00007ff864ea0000 - 0x00007ff865133000 	C:\WINDOWS\WinSxS\amd64_microsoft.windows.common-controls_6595b64144ccf1df_6.0.22621.2361_none_2712ced57382f843\COMCTL32.dll
0x00007ff884d40000 - 0x00007ff884de7000 	C:\WINDOWS\System32\msvcrt.dll
0x00007ff8834e0000 - 0x00007ff883511000 	C:\WINDOWS\System32\IMM32.DLL
0x00007ff8344f0000 - 0x00007ff8344fc000 	c:\Users\forer\.vscode\extensions\redhat.java-1.23.0-win32-x64\jre\17.0.8.1-win32-x86_64\bin\vcruntime140_1.dll
0x00007ff809fd0000 - 0x00007ff80a061000 	c:\Users\forer\.vscode\extensions\redhat.java-1.23.0-win32-x64\jre\17.0.8.1-win32-x86_64\bin\msvcp140.dll
0x00007ff800980000 - 0x00007ff8015cc000 	c:\Users\forer\.vscode\extensions\redhat.java-1.23.0-win32-x64\jre\17.0.8.1-win32-x86_64\bin\server\jvm.dll
0x00007ff883320000 - 0x00007ff8833d0000 	C:\WINDOWS\System32\ADVAPI32.dll
0x00007ff883270000 - 0x00007ff883316000 	C:\WINDOWS\System32\sechost.dll
0x00007ff884710000 - 0x00007ff884827000 	C:\WINDOWS\System32\RPCRT4.dll
0x00007ff881510000 - 0x00007ff88155d000 	C:\WINDOWS\SYSTEM32\POWRPROF.dll
0x00007ff8301d0000 - 0x00007ff8301d9000 	C:\WINDOWS\SYSTEM32\WSOCK32.dll
0x00007ff883730000 - 0x00007ff8837a1000 	C:\WINDOWS\System32\WS2_32.dll
0x00007ff8798f0000 - 0x00007ff879924000 	C:\WINDOWS\SYSTEM32\WINMM.dll
0x00007ff8795f0000 - 0x00007ff8795fa000 	C:\WINDOWS\SYSTEM32\VERSION.dll
0x00007ff8814f0000 - 0x00007ff881503000 	C:\WINDOWS\SYSTEM32\UMPDC.dll
0x00007ff8817b0000 - 0x00007ff8817c8000 	C:\WINDOWS\SYSTEM32\kernel.appcore.dll
0x00007ff82fdb0000 - 0x00007ff82fdba000 	c:\Users\forer\.vscode\extensions\redhat.java-1.23.0-win32-x64\jre\17.0.8.1-win32-x86_64\bin\jimage.dll
0x00007ff86ea10000 - 0x00007ff86ec3e000 	C:\WINDOWS\SYSTEM32\DBGHELP.DLL
0x00007ff884f60000 - 0x00007ff8852ea000 	C:\WINDOWS\System32\combase.dll
0x00007ff884df0000 - 0x00007ff884ec7000 	C:\WINDOWS\System32\OLEAUT32.dll
0x00007ff86ca50000 - 0x00007ff86ca82000 	C:\WINDOWS\SYSTEM32\dbgcore.DLL
0x00007ff882770000 - 0x00007ff8827ea000 	C:\WINDOWS\System32\bcryptPrimitives.dll
0x00007ff82f940000 - 0x00007ff82f94e000 	c:\Users\forer\.vscode\extensions\redhat.java-1.23.0-win32-x64\jre\17.0.8.1-win32-x86_64\bin\instrument.dll
0x00007ff80a100000 - 0x00007ff80a125000 	c:\Users\forer\.vscode\extensions\redhat.java-1.23.0-win32-x64\jre\17.0.8.1-win32-x86_64\bin\java.dll
0x00007ff80a0c0000 - 0x00007ff80a0d8000 	c:\Users\forer\.vscode\extensions\redhat.java-1.23.0-win32-x64\jre\17.0.8.1-win32-x86_64\bin\zip.dll
0x00007ff883910000 - 0x00007ff884168000 	C:\WINDOWS\System32\SHELL32.dll
0x00007ff8805d0000 - 0x00007ff880ec2000 	C:\WINDOWS\SYSTEM32\windows.storage.dll
0x00007ff880490000 - 0x00007ff8805ce000 	C:\WINDOWS\SYSTEM32\wintypes.dll
0x00007ff8833e0000 - 0x00007ff8834d3000 	C:\WINDOWS\System32\SHCORE.dll
0x00007ff8836d0000 - 0x00007ff88372e000 	C:\WINDOWS\System32\shlwapi.dll
0x00007ff8825e0000 - 0x00007ff882606000 	C:\WINDOWS\SYSTEM32\profapi.dll
0x00007ff809f40000 - 0x00007ff809f59000 	C:\Users\forer\.vscode\extensions\redhat.java-1.23.0-win32-x64\jre\17.0.8.1-win32-x86_64\bin\net.dll
0x00007ff87ac10000 - 0x00007ff87ad47000 	C:\WINDOWS\SYSTEM32\WINHTTP.dll
0x00007ff881c60000 - 0x00007ff881cc9000 	C:\WINDOWS\system32\mswsock.dll
0x00007ff809f20000 - 0x00007ff809f35000 	C:\Users\forer\.vscode\extensions\redhat.java-1.23.0-win32-x64\jre\17.0.8.1-win32-x86_64\bin\nio.dll
0x00007ff82bec0000 - 0x00007ff82bed0000 	c:\Users\forer\.vscode\extensions\redhat.java-1.23.0-win32-x64\jre\17.0.8.1-win32-x86_64\bin\verify.dll
0x00007ff805e40000 - 0x00007ff805e7e000 	C:\Users\forer\AppData\Roaming\Code\User\globalStorage\redhat.java\1.23.0\config_win\org.eclipse.equinox.launcher\org.eclipse.equinox.launcher.win32.win32.x86_64_1.2.700.v20221108-1024\eclipse_11801.dll
0x00007ff8843c0000 - 0x00007ff88455f000 	C:\WINDOWS\System32\ole32.dll
0x00007ff881eb0000 - 0x00007ff881ecb000 	C:\WINDOWS\SYSTEM32\CRYPTSP.dll
0x00007ff881710000 - 0x00007ff881745000 	C:\WINDOWS\system32\rsaenh.dll
0x00007ff881d50000 - 0x00007ff881d7c000 	C:\WINDOWS\SYSTEM32\USERENV.dll
0x00007ff882050000 - 0x00007ff882078000 	C:\WINDOWS\SYSTEM32\bcrypt.dll
0x00007ff881ed0000 - 0x00007ff881edc000 	C:\WINDOWS\SYSTEM32\CRYPTBASE.dll
0x00007ff8811e0000 - 0x00007ff88120d000 	C:\WINDOWS\SYSTEM32\IPHLPAPI.DLL
0x00007ff883880000 - 0x00007ff883889000 	C:\WINDOWS\System32\NSI.dll
0x00007ff87abf0000 - 0x00007ff87ac09000 	C:\WINDOWS\SYSTEM32\dhcpcsvc6.DLL
0x00007ff87abd0000 - 0x00007ff87abef000 	C:\WINDOWS\SYSTEM32\dhcpcsvc.DLL
0x00007ff881210000 - 0x00007ff881309000 	C:\WINDOWS\SYSTEM32\DNSAPI.dll
0x00007ff830600000 - 0x00007ff830645000 	C:\Users\forer\AppData\Local\Temp\jna-97618742\jna7293413984763074832.dll
0x00007ff883670000 - 0x00007ff883678000 	C:\WINDOWS\System32\PSAPI.DLL

dbghelp: loaded successfully - version: 4.0.5 - missing functions: none
symbol engine: initialized successfully - sym options: 0x614 - pdb path: .;c:\Users\forer\.vscode\extensions\redhat.java-1.23.0-win32-x64\jre\17.0.8.1-win32-x86_64\bin;C:\WINDOWS\SYSTEM32;C:\WINDOWS\WinSxS\amd64_microsoft.windows.common-controls_6595b64144ccf1df_6.0.22621.2361_none_2712ced57382f843;c:\Users\forer\.vscode\extensions\redhat.java-1.23.0-win32-x64\jre\17.0.8.1-win32-x86_64\bin\server;C:\Users\forer\AppData\Roaming\Code\User\globalStorage\redhat.java\1.23.0\config_win\org.eclipse.equinox.launcher\org.eclipse.equinox.launcher.win32.win32.x86_64_1.2.700.v20221108-1024;C:\Users\forer\AppData\Local\Temp\jna-97618742

VM Arguments:
jvm_args: --add-modules=ALL-SYSTEM --add-opens=java.base/java.util=ALL-UNNAMED --add-opens=java.base/java.lang=ALL-UNNAMED --add-opens=java.base/sun.nio.fs=ALL-UNNAMED -Declipse.application=org.eclipse.jdt.ls.core.id1 -Dosgi.bundles.defaultStartLevel=4 -Declipse.product=org.eclipse.jdt.ls.core.product -Djava.import.generatesMetadataFilesAtProjectRoot=false -DDetectVMInstallationsJob.disabled=true -Dfile.encoding=utf8 -XX:+UseParallelGC -XX:GCTimeRatio=4 -XX:AdaptiveSizePolicyWeight=90 -Dsun.zip.disableMemoryMapping=true -Xmx1G -Xms100m -Xlog:disable -javaagent:c:\Users\forer\.vscode\extensions\redhat.java-1.23.0-win32-x64\lombok\lombok-1.18.30.jar -XX:+HeapDumpOnOutOfMemoryError -XX:HeapDumpPath=c:\Users\forer\AppData\Roaming\Code\User\workspaceStorage\f468b94bcb1813d346aa173e88383ae5\redhat.java -Daether.dependencyCollector.impl=bf 
java_command: c:\Users\forer\.vscode\extensions\redhat.java-1.23.0-win32-x64\server\plugins\org.eclipse.equinox.launcher_1.6.500.v20230717-2134.jar -configuration c:\Users\forer\AppData\Roaming\Code\User\globalStorage\redhat.java\1.23.0\config_win -data c:\Users\forer\AppData\Roaming\Code\User\workspaceStorage\f468b94bcb1813d346aa173e88383ae5\redhat.java\jdt_ws
java_class_path (initial): c:\Users\forer\.vscode\extensions\redhat.java-1.23.0-win32-x64\server\plugins\org.eclipse.equinox.launcher_1.6.500.v20230717-2134.jar
Launcher Type: SUN_STANDARD

[Global flags]
    uintx AdaptiveSizePolicyWeight                 = 90                                        {product} {command line}
     intx CICompilerCount                          = 3                                         {product} {ergonomic}
    uintx GCTimeRatio                              = 4                                         {product} {command line}
     bool HeapDumpOnOutOfMemoryError               = true                                   {manageable} {command line}
    ccstr HeapDumpPath                             = c:\Users\forer\AppData\Roaming\Code\User\workspaceStorage\f468b94bcb1813d346aa173e88383ae5\redhat.java         {manageable} {command line}
   size_t InitialHeapSize                          = 104857600                                 {product} {command line}
   size_t MaxHeapSize                              = 1073741824                                {product} {command line}
   size_t MaxNewSize                               = 357564416                                 {product} {ergonomic}
   size_t MinHeapDeltaBytes                        = 524288                                    {product} {ergonomic}
   size_t MinHeapSize                              = 104857600                                 {product} {command line}
   size_t NewSize                                  = 34603008                                  {product} {ergonomic}
    uintx NonNMethodCodeHeapSize                   = 5832780                                {pd product} {ergonomic}
    uintx NonProfiledCodeHeapSize                  = 122912730                              {pd product} {ergonomic}
   size_t OldSize                                  = 70254592                                  {product} {ergonomic}
    uintx ProfiledCodeHeapSize                     = 122912730                              {pd product} {ergonomic}
    uintx ReservedCodeCacheSize                    = 251658240                              {pd product} {ergonomic}
     bool SegmentedCodeCache                       = true                                      {product} {ergonomic}
   size_t SoftMaxHeapSize                          = 1073741824                             {manageable} {ergonomic}
     bool UseCompressedClassPointers               = true                           {product lp64_product} {ergonomic}
     bool UseCompressedOops                        = true                           {product lp64_product} {ergonomic}
     bool UseLargePagesIndividualAllocation        = false                                  {pd product} {ergonomic}
     bool UseParallelGC                            = true                                      {product} {command line}

Logging:
Log output configuration:
 #0: stdout all=off uptime,level,tags
 #1: stderr all=off uptime,level,tags

Environment Variables:
PATH=C:\Program Files\Common Files\Oracle\Java\javapath;C:\Program Files (x86)\Common Files\Oracle\Java\javapath;C:\Program Files\apache-maven-3.8.7\bin;C:\WINDOWS\system32;C:\WINDOWS;C:\WINDOWS\System32\Wbem;C:\WINDOWS\System32\WindowsPowerShell\v1.0\;C:\WINDOWS\System32\OpenSSH\;C:\Program Files\PuTTY\;C:\Program Files\Git\cmd;C:\Program Files\dotnet\;C:\Program Files (x86)\dotnet\;C:\Program Files\Microsoft SQL Server\Client SDK\ODBC\130\Tools\Binn\;C:\Program Files (x86)\Microsoft SQL Server\140\Tools\Binn\;C:\Program Files\Microsoft SQL Server\140\Tools\Binn\;C:\Program Files\Microsoft SQL Server\140\DTS\Binn\;C:\Program Files\Docker\Docker\resources\bin;C:\Users\forer\AppData\Local\Microsoft\WindowsApps;C:\Users\forer\AppData\Local\Programs\Microsoft VS Code\bin;C:\Program Files\apache-maven-3.8.7\bin;
USERNAME=forer
OS=Windows_NT
PROCESSOR_IDENTIFIER=AMD64 Family 23 Model 24 Stepping 1, AuthenticAMD
TMP=C:\Users\forer\AppData\Local\Temp
TEMP=C:\Users\forer\AppData\Local\Temp



---------------  S Y S T E M  ---------------

OS:
 Windows 11 , 64 bit Build 22621 (10.0.22621.2428)
OS uptime: 0 days 0:06 hours
Hyper-V role detected

CPU: total 4 (initial active 4) (4 cores per cpu, 2 threads per core) family 23 model 24 stepping 1 microcode 0x0, cx8, cmov, fxsr, ht, mmx, 3dnowpref, sse, sse2, sse3, ssse3, sse4a, sse4.1, sse4.2, popcnt, lzcnt, tsc, tscinvbit, avx, avx2, aes, clmul, bmi1, bmi2, adx, sha, fma, vzeroupper, clflush, clflushopt, hv
Processor Information for all 4 processors :
  Max Mhz: 2600, Current Mhz: 2600, Mhz Limit: 2600

Memory: 4k page, system-wide physical 6063M (102M free)
TotalPageFile size 14255M (AvailPageFile size 1M)
current process WorkingSet (physical memory assigned to process): 200M, peak: 211M
current process commit charge ("private bytes"): 266M, peak: 278M

vm_info: OpenJDK 64-Bit Server VM (17.0.8.1+1) for windows-amd64 JRE (17.0.8.1+1), built on Aug 23 2023 15:29:17 by "admin" with MS VC++ 16.7 (VS2019)

END.
